<?xml version="1.0" encoding="UTF-8"?>
<!-- Generated by org.testng.reporters.JUnitReportReporter -->
<testsuite hostname="sandipku" name="example.NewTest" tests="1" failures="0" timestamp="31 Jan 2017 13:48:24 GMT" time="10.430" errors="0">
  <testcase name="testEasy" time="10.430" classname="example.NewTest"/>
</testsuite> <!-- example.NewTest -->
